<?xml version="1.0" encoding="UTF-8" standalone="no"?>
<testsuite failures="0" name="cucumber.runtime.formatter.JUnitFormatter" skipped="0" tests="3" time="35.196856">
    <testcase classname="Assignment 01" name="To verify adding multiple options in cart and checkout" time="18.694284">
        <system-out><![CDATA[Given user is on saucedemo homepage.........................................passed
And user logged in using correct credential.................................passed
And user adds required item to cart.........................................passed
And user proceeds to checkout...............................................passed
And user enters the following details for checkout..........................passed
When user confirm checkout..................................................passed
Then user verify final confirmation message.................................passed
]]></system-out>
    </testcase>
    <testcase classname="Assignment 01" name="To verify adding removing then adding and checkout" time="9.298155">
        <system-out><![CDATA[Given user is on saucedemo homepage.........................................passed
And user logged in using correct credential.................................passed
And user adds one item and then remove that item to go back.................passed
And user adds required item to cart.........................................passed
And user proceeds to checkout...............................................passed
And user enters the following details for checkout..........................passed
When user confirm checkout..................................................passed
Then user verify final confirmation message.................................passed
]]></system-out>
    </testcase>
    <testcase classname="Assignment 01" name="To verify sort low to high" time="7.204417">
        <system-out><![CDATA[Given user is on saucedemo homepage.........................................passed
And user logged in using correct credential.................................passed
And user sorts item low to high.............................................passed
And user adds required item to cart.........................................passed
And user proceeds to checkout...............................................passed
And user enters the following details for checkout..........................passed
When user confirm checkout..................................................passed
Then user verify final confirmation message.................................passed
]]></system-out>
    </testcase>
</testsuite>
